[07/28/2022 21:38:37] Debug: Session id: eb5a05b7-5d28-4f19-a897-082bd2c26b17
[07/28/2022 21:38:37] Debug: Code Processor information: Name :SnowConvert, Version: 7.11.15.0
[07/28/2022 21:38:38] Debug: Getting license
[07/28/2022 21:38:38] Debug: License information
	Status: Failed
	Message: No active license available.
[07/28/2022 21:38:38] Info: Starting to validate parameters
[07/28/2022 21:38:38] Info: Parameters to validate: 
	Execution mode: Conversion
	LICENSE_KEY: a3372138-b87e-4a08-b929-3b48b24c63f1
[07/28/2022 21:38:38] Info: Validation of parameters: Success
[07/28/2022 21:38:38] Debug: Getting code descriptor
[07/28/2022 21:38:38] Debug: Code descriptor information
	Units: 51
	Units type: LOC
	All file bytes: 2141
	All found extensions: .sql,.dml,.ddl,.bteq,.btq,.fl,.fload,.ml,.mload,.mld,.tp,.tpump,.tpt
[07/28/2022 21:38:38] Debug: Calculating fingerprint
[07/28/2022 21:38:38] Debug: Fingerprint information Fingerprint(size=2141,projects=1)
[07/28/2022 21:38:38] Info: Starting to try to validate online license for execution
[07/28/2022 21:38:39] Debug: Getting license
[07/28/2022 21:38:39] Debug: License information
	Status: Failed
	Message: No active license available.
[07/28/2022 21:38:39] Debug: Starting the execution of the controller
[07/28/2022 21:38:40] Debug: Executing the worker: SnowConvert
[07/28/2022 21:38:52] Debug: Finished executing the worker: SnowConvert
[07/28/2022 21:38:54] Info: Controller execution ended
